Log started at 08.12.2020	18:38:28
Number of used processors (NPROC): 4.
Number of mesh partitions (NPART): 4.
Total Physical Memory = 15.95 Gb, Available Physical Memory = 8.23 Gb
Computer name:	CANADA
Operating system:	Windows 10 (or higher) (Version 10.0.18363)

SOLIDWORKS 2020 SP3.0
Flow Simulation 2020  x64 / 4921 / MESHER ver. efd_dev.4663_05.07.2019 

Project: C:\Users\Josh\Documents\Engineering\MAE 4157\CFD 2\3\3.xmlconfig
Configuration name: Default
Project name: Nozzle_L
NGK: OFF
MBO: OFF

Mesh generation started:	8.12.2020	18:38:28
-----------------------------------------------------------------------
Mesher option run = eRunMesherNormal
-----------------------------------------------------------------------
Current CPU = 0 sec
-----------------------------------------------------------------------
Geometries initialization:
-----------------------------------------------------------------------
Loading mesh settings (global/local)...
-----------------------------------------------------------------------
Number of geometries from DB: 1
Geometry(0):
	Guid = {00000000-0000-0000-0000-000000000000}
	Fluid..
	1 Body.
	1 Real body.
	-- Bodyset 0 --
		Tolerance=1.16841e-05.
		14 Face(s).
			14 of b-spline type.
		0 Face(s) that have no ref faces
		12 Plane surface(s).
		2 Extrude surface(s).
		268 Triangle(s).
		Getting triangle connectivities from DB: 0.000 s
		36 Edge(s).
			36 of b-spline type.
		BodyGeom reading: 0.022 s.
		8 Reference Face(s).
		126 Reference Triangles.
		Getting triangle connectivities from DB (Ref): 0.000 s
		BodyGeom Ref reading: 0.000 s.
		Getting triangle connectivities from DB (Extra Triangulation): 0.000 s
Geometry(1):
	Solid.
	-- Bodyset 1 --
	Empty
-----------------------------------------------------------------------
Number of geometries in task: 2
Number of bodysets   in task: 2
-----------------------------------------------------------------------
	Making hash and connectivity for Bodyset ...
		CBodyGeom:
		Hash size: {14, 10, 2}.
		Mesh size: {14, 10, 1}.
		Hashing triangles...Ok.
			axis(0) tr sizes: average=52 max=102
			axis(1) tr sizes: average=27 max=92
			axis(2) tr sizes: average=16 max=55
		Number of t-connected sets:1
			(0) size=268
		Done.
		CBodyGeomRef:
		Hashing triangles...Ok.
			axis(0) tr sizes: average=16 max=64
			axis(1) tr sizes: average=12 max=44
			axis(2) tr sizes: average=4 max=24
		Done.
	0.00034 s.
Geometries reading and preparing has taken 0.024 s.

Mapped triangles:
Hashing mesh regions data
	Triangles num=12
	Triangles box={-0.00943585  ,0.023681  ,-0.0060875  ,0.0060875  ,0.004625  ,0.004875  }
		3d-hash size is 848 bytes
		rays hash size is 3176 bytes
	Triangles num=12
	Triangles box={0.0205641  ,0.072681  ,-0.0050875  ,0.0050875  ,0.004625  ,0.004875  }
		3d-hash size is 968 bytes
		rays hash size is 3176 bytes
	Triangles num=12
	Triangles box={-0.0104359  ,0.022681  ,-0.0050875  ,0.0050875  ,0.004625  ,0.004875  }
		3d-hash size is 792 bytes
		rays hash size is 3176 bytes
Hashing geometries triangles
	Triangles num=268
	Triangles box={-0.0100885  ,0.0843337  ,-0.0342433  ,0.0342433  ,0.004489  ,0.005011  }
		3d-hash size is 1416 bytes
Hashing peculiar surfaces triangles
	Triangles num=2
	Triangles box={-0.0089943  ,-0.0089943  ,-0.00516253  ,0.00516253  ,0  ,0.01  }
		3d-hash size is 584 bytes
	Triangles num=2
	Triangles box={0.0232395  ,0.0832395  ,-0.033175  ,-0.033175  ,0  ,0.01  }
		3d-hash size is 616 bytes
	Triangles num=2
	Triangles box={0.0832395  ,0.0832395  ,-0.033175  ,0.033175  ,0  ,0.01  }
		3d-hash size is 612 bytes
	Triangles num=2
	Triangles box={0.0232395  ,0.0832395  ,0.033175  ,0.033175  ,0  ,0.01  }
		3d-hash size is 612 bytes
	Triangles num=2
	Triangles box={0.0232395  ,0.0232395  ,0.003175  ,0.033175  ,0  ,0.01  }
		3d-hash size is 592 bytes
	Triangles num=2
	Triangles box={0.0232395  ,0.0232395  ,-0.033175  ,-0.003175  ,0  ,0.01  }
		3d-hash size is 592 bytes
Mapped triangles processed in 0.003 s.
-----------------------------------------------------------------------
Getting sectors:
Number of sectors: 0
-----------------------------------------------------------------------
-----------------------------------------------------------------------

Current CPU = 0 sec

-----------------------------------------------------------------------
Mesh dimensions:
				I[0 ]=14
				I[1 ]=10
				I[2 ]=1

Comp. domain size:
				a[0  ]=-0.0099943
				a[1  ]=0.0842395
				a[2  ]=-0.034175
				a[3  ]=0.034175
				a[4  ]=0.0045
				a[5  ]=0.005

Fluid calculated			1
Solid calculated			0
-----------------------------------------------------------------------
MESH Build started...
-----------------------------------------------------------------------
Mesh LEVEL = 5
-----------------------------------------------------------------------
Setting regions...OK (0.000 s)
Base mesh info------------------
	2D flag  =3
	Period   =[0, 0, 0]
	Nx=14
		x[0]=-0.0099943
		x[1]=-0.0032612
		x[2]=0.00346978
		x[3]=0.0102008
		x[4]=0.0169318
		x[5]=0.0236627
		x[6]=0.0303937
		x[7]=0.0371247
		x[8]=0.0438557
		x[9]=0.0505867
		x[10]=0.0573177
		x[11]=0.0640486
		x[12]=0.0707796
		x[13]=0.0775106
		x[14]=0.0842395
	Ny=10
		y[0]=-0.034175
		y[1]=-0.0273381
		y[2]=-0.0205031
		y[3]=-0.0136681
		y[4]=-0.00683314
		y[5]=1.85744e-06
		y[6]=0.00683686
		y[7]=0.0136719
		y[8]=0.0205069
		y[9]=0.0273419
		y[10]=0.034175
	Nz=1
		z[0]=0.0045
		z[1]=0.005
End of base mesh info---------
Input_mesh_settings--------------------------------
Settings 0----------------
	Scope: GLOBAL
	Type:	------MESHER_SETTINGS----------
	RefAllCells           =0
	RefFluidCells         =0
	RefPartCells          =0
	RefSolidCells         =0
	l_SSFR(Capture crit)  =1
	l_curv(Curvature crit)=0
	l_tol(Tolerance crit) =1
	  k_tol               =0.0025
	UseChannelRef         =1
	  NCR_method          =0
	  l_NCR               =2
	  N_gap               =5
	  Use d_NCR_min       =0
	  Use d_NCR_max       =0
	IgnoreThinChannelsHeight         =0
	--END_OF_MESHER_SETTINGS-------
Settings 1----------------
	Scope: VOLUME
	Type:	------MESHER_SETTINGS----------
	RefAllCells           =0
	RefFluidCells         =1
	  l_ref_fluid         =1
	RefPartCells          =1
	  l_ref_part          =5
	RefSolidCells         =0
	l_SSFR(Capture crit)  =1
	l_curv(Curvature crit)=0
	l_tol(Tolerance crit) =1
	  k_tol               =0.0025
	UseChannelRef         =1
	  NCR_method          =0
	  l_NCR               =2
	  N_gap               =5
	  Use d_NCR_min       =0
	  Use d_NCR_max       =0
	IgnoreThinChannelsHeight         =0
	--END_OF_MESHER_SETTINGS-------
Settings 2----------------
	Scope: VOLUME
	Type:	------MESHER_SETTINGS----------
	RefAllCells           =0
	RefFluidCells         =1
	  l_ref_fluid         =4
	RefPartCells          =0
	RefSolidCells         =0
	l_SSFR(Capture crit)  =1
	l_curv(Curvature crit)=0
	l_tol(Tolerance crit) =1
	  k_tol               =0.0025
	UseChannelRef         =1
	  NCR_method          =0
	  l_NCR               =2
	  N_gap               =5
	  Use d_NCR_min       =0
	  Use d_NCR_max       =0
	IgnoreThinChannelsHeight         =0
	--END_OF_MESHER_SETTINGS-------
Settings 3----------------
	Scope: VOLUME
	Type:	------MESHER_SETTINGS----------
	RefAllCells           =0
	RefFluidCells         =1
	  l_ref_fluid         =5
	RefPartCells          =0
	RefSolidCells         =0
	l_SSFR(Capture crit)  =1
	l_curv(Curvature crit)=0
	l_tol(Tolerance crit) =1
	  k_tol               =0.0025
	UseChannelRef         =1
	  NCR_method          =0
	  l_NCR               =2
	  N_gap               =5
	  Use d_NCR_min       =0
	  Use d_NCR_max       =0
	IgnoreThinChannelsHeight         =0
	--END_OF_MESHER_SETTINGS-------
End of input mesh settings-------------------------

-----------------------------------------------------------------------
Building geometries:
-----------------------------------------------------------------------
Building body-set (0) of geometry Fluid.0.(0). ...
Collecting and processing rays...OK (0.003 s)
Capturing...OK (0.000 s)

-----------------------------------------------------------------------
Base mesh 1 Refining...
Refinement input: 140 bricks
Setting regions...OK (0.000 s)
Refinement result: 322 bricks (0.001 s)
Collecting and processing rays...OK (0.001 s)
Capturing...OK (0.000 s)
-----------------------------------------------------------------------

-----------------------------------------------------------------------
Base mesh 1 Refining...
Refinement input: 322 bricks
Setting regions...OK (0.001 s)
Refinement result: 1666 bricks (0.001 s)
Collecting and processing rays...OK (0.006 s)
Capturing...OK (0.002 s)
-----------------------------------------------------------------------

-----------------------------------------------------------------------
Base mesh 1 Refining...
Refinement input: 1666 bricks
Setting regions...OK (0.004 s)
Refinement result: 7742 bricks (0.007 s)
Collecting and processing rays...OK (0.010 s)
Capturing...OK (0.001 s)
-----------------------------------------------------------------------

-----------------------------------------------------------------------
Base mesh 1 Refining...
Refinement input: 7742 bricks
Setting regions...OK (0.011 s)
Refinement result: 47390 bricks (0.021 s)
Collecting and processing rays...OK (0.022 s)
Capturing...OK (0.008 s)
-----------------------------------------------------------------------

-----------------------------------------------------------------------
Base mesh 1 Refining...
Refinement input: 47390 bricks
Setting regions...OK (0.041 s)
Refinement result: 121380 bricks (0.067 s)
Collecting and processing rays...OK (0.035 s)
Capturing...OK (0.012 s)
-----------------------------------------------------------------------

-----------------------------------------------------------------------
Base mesh 1 Refining...
Refinement input: 121380 bricks
Refinement result: 121380 bricks (0.002 s)
Collecting and processing rays...OK (0.002 s)
Capturing...OK (0.001 s)
-----------------------------------------------------------------------

-----------------------------------------------------------------------
Refining by triangulation...
Refinement input: 121380 bricks
Setting regions...OK (0.001 s)
Refinement result: 121394 bricks (0.018 s)
Refinement input: 121394 bricks
Refinement result: 121394 bricks (0.007 s)
Collecting and processing rays...OK (0.003 s)
Capturing...OK (0.001 s)
Refining by triangulation takes 0.031 s
-----------------------------------------------------------------------

-----------------------------------------------------------------------
Refining peculiar surfaces...
0 surfaces refined
Refining peculiar surfaces takes 0.01 s
-----------------------------------------------------------------------
Collecting and processing rays...OK (0.003 s)
Capturing...OK (0.001 s)
Collecting and processing rays...OK (0.002 s)
Capturing...OK (0.001 s)
Collecting and processing rays...OK (0.002 s)
Capturing...OK (0.001 s)

-----------------------------------------------------------------------
Base mesh 1 Refining...
Refinement input: 121394 bricks
Refinement result: 121394 bricks (0.002 s)
Collecting and processing rays...OK (0.002 s)
Capturing...OK (0.001 s)
-----------------------------------------------------------------------
Refining channels...
FYI: CNarrowChannelRefiner::RefineChannels_PRLL
FYI: m_iteration_count = 0
FYI: level1 statistics:
     level1_cnt_plus[1]=0;		level1_cnt_minus[1]=0
     level1_cnt_plus[2]=0;		level1_cnt_minus[2]=0
     level1_cnt_plus[3]=0;		level1_cnt_minus[3]=0
     level1_cnt_plus[4]=25614;		level1_cnt_minus[4]=0
     level1_cnt_plus[5]=70703;		level1_cnt_minus[5]=0
     level1_cnt_plus[6]=0;		level1_cnt_minus[6]=0
     level1_cnt_plus[7]=0;		level1_cnt_minus[7]=0
     level1_cnt_plus[8]=0;		level1_cnt_minus[8]=0
     level1_cnt_plus[9]=0;		level1_cnt_minus[9]=0
FYI: m_iteration_count = 1
FYI: level1 statistics:
     level1_cnt_plus[1]=0;		level1_cnt_minus[1]=0
     level1_cnt_plus[2]=0;		level1_cnt_minus[2]=0
     level1_cnt_plus[3]=0;		level1_cnt_minus[3]=0
     level1_cnt_plus[4]=25614;		level1_cnt_minus[4]=0
     level1_cnt_plus[5]=70703;		level1_cnt_minus[5]=0
     level1_cnt_plus[6]=0;		level1_cnt_minus[6]=0
     level1_cnt_plus[7]=0;		level1_cnt_minus[7]=0
     level1_cnt_plus[8]=0;		level1_cnt_minus[8]=0
     level1_cnt_plus[9]=0;		level1_cnt_minus[9]=0
FYI: level1 statistics:
     level1_cnt_plus[1]=0;		level1_cnt_minus[1]=0
     level1_cnt_plus[2]=0;		level1_cnt_minus[2]=0
     level1_cnt_plus[3]=0;		level1_cnt_minus[3]=0
     level1_cnt_plus[4]=25614;		level1_cnt_minus[4]=0
     level1_cnt_plus[5]=70703;		level1_cnt_minus[5]=0
     level1_cnt_plus[6]=0;		level1_cnt_minus[6]=0
     level1_cnt_plus[7]=0;		level1_cnt_minus[7]=0
     level1_cnt_plus[8]=0;		level1_cnt_minus[8]=0
     level1_cnt_plus[9]=0;		level1_cnt_minus[9]=0

-----------------------------------------------------------------------
U-shapes refinement...
Refinement input: 121394 bricks
Refinement result: 121394 bricks (0.003 s)
Collecting and processing rays...OK (0.003 s)
Capturing...OK (0.001 s)
-----------------------------------------------------------------------

-----------------------------------------------------------------------
Equi Distant Refiner:
Equi Distant Refiner takes 0.00 s
-----------------------------------------------------------------------
Building geometry takes 0.467 s
Geometry Fluid.0.
Total		121394
Partial	8622
Fluid		103488
Solid		9284
Bad		0

/-Ray Intersection---------------/ Time	0.045 s
Calls			6183
CorrectRay Calls	0



-----------------------------------------------------------------------
Building geometries takes 0.471 s
-----------------------------------------------------------------------

-----------------------------------------------------------------------
PostBuilding geometries:
-----------------------------------------------------------------------
PostBuilding body-set (0) geometry Fluid.0. (0)...
Collecting and processing rays...OK (0.002 s)
Capturing...OK (0.001 s)
PostBuilding geometry takes 0.005 s
Geometry Fluid.0.
Total		121394
Partial	8622
Fluid		103488
Solid		9284
Bad		0

-----------------------------------------------------------------------
PostBuilding geometries takes 0.009 s
-----------------------------------------------------------------------

-----------------------------------------------------------------------
Check for symmetry in 2D plane (iteration=0)...
Refinement input: 121394 bricks
Setting regions...OK (0.004 s)
Setting regions...OK (0.004 s)
Refinement result: 160062 bricks (0.061 s)
Collecting and processing rays...OK (0.023 s)
Capturing...OK (0.007 s)
-----------------------------------------------------------------------

-----------------------------------------------------------------------
Check for symmetry in 2D plane (iteration=1)...
Refinement input: 160062 bricks
Setting regions...OK (0.002 s)
Refinement result: 180908 bricks (0.031 s)
Collecting and processing rays...OK (0.012 s)
Capturing...OK (0.004 s)
-----------------------------------------------------------------------

-----------------------------------------------------------------------
Check for symmetry in 2D plane (iteration=2)...
Refinement input: 180908 bricks
Setting regions...OK (0.001 s)
Refinement result: 188622 bricks (0.031 s)
Collecting and processing rays...OK (0.008 s)
Capturing...OK (0.002 s)
-----------------------------------------------------------------------

-----------------------------------------------------------------------
Check for symmetry in 2D plane (iteration=3)...
Refinement input: 188622 bricks
Setting regions...OK (0.001 s)
Refinement result: 196336 bricks (0.031 s)
Collecting and processing rays...OK (0.008 s)
Capturing...OK (0.003 s)
-----------------------------------------------------------------------

-----------------------------------------------------------------------
Check for symmetry in 2D plane (iteration=4)...
Refinement input: 196336 bricks
Refinement result: 196336 bricks (0.007 s)
Collecting and processing rays...OK (0.004 s)
Capturing...OK (0.001 s)
-----------------------------------------------------------------------
Defect ray count	0
FYI: CNarrowChannelRefiner::RedistributeLevel1_step_1: is finished
FYI: level1 statistics:
     level1_cnt_plus[1]=0;		level1_cnt_minus[1]=0
     level1_cnt_plus[2]=0;		level1_cnt_minus[2]=0
     level1_cnt_plus[3]=0;		level1_cnt_minus[3]=0
     level1_cnt_plus[4]=25614;		level1_cnt_minus[4]=0
     level1_cnt_plus[5]=70703;		level1_cnt_minus[5]=0
     level1_cnt_plus[6]=0;		level1_cnt_minus[6]=0
     level1_cnt_plus[7]=0;		level1_cnt_minus[7]=0
     level1_cnt_plus[8]=0;		level1_cnt_minus[8]=0
     level1_cnt_plus[9]=0;		level1_cnt_minus[9]=0
FYI: CNarrowChannelRefiner::RedistributeLevel1_step_2: is started
FYI: CNarrowChannelRefiner::RedistributeLevel1_step_2: is finished
FYI: level1 statistics:
     level1_cnt_plus[1]=0;		level1_cnt_minus[1]=0
     level1_cnt_plus[2]=0;		level1_cnt_minus[2]=0
     level1_cnt_plus[3]=0;		level1_cnt_minus[3]=0
     level1_cnt_plus[4]=25618;		level1_cnt_minus[4]=0
     level1_cnt_plus[5]=70703;		level1_cnt_minus[5]=0
     level1_cnt_plus[6]=0;		level1_cnt_minus[6]=0
     level1_cnt_plus[7]=0;		level1_cnt_minus[7]=0
     level1_cnt_plus[8]=0;		level1_cnt_minus[8]=0
     level1_cnt_plus[9]=0;		level1_cnt_minus[9]=0
FYI: CNarrowChannelRefiner::RedistributeLevel1_step_3: is started
FYI: CNarrowChannelRefiner::RedistributeLevel1_step_3: is finished
RedistributeLevel1 takes:
FYI: level1 statistics:
     level1_cnt_plus[1]=0;		level1_cnt_minus[1]=0
     level1_cnt_plus[2]=0;		level1_cnt_minus[2]=0
     level1_cnt_plus[3]=0;		level1_cnt_minus[3]=0
     level1_cnt_plus[4]=25618;		level1_cnt_minus[4]=21246
     level1_cnt_plus[5]=70703;		level1_cnt_minus[5]=61635
     level1_cnt_plus[6]=0;		level1_cnt_minus[6]=0
     level1_cnt_plus[7]=0;		level1_cnt_minus[7]=0
     level1_cnt_plus[8]=0;		level1_cnt_minus[8]=0
     level1_cnt_plus[9]=0;		level1_cnt_minus[9]=0
-----------------------------------------------------------------------
MSH format builder (Iteration 0)
-----------------------------------------------------------------------
Memory Working Set Current = 78.77 Mb, Memory Working Set Peak = 128.61 Mb
Process Threads Number: 13
-----------------------------------------------------------------------
Loading geometries triangulation & x-stacks...OK
x-stacks size = 0.81 Mb
Total bricks count: 196336
-----------------------------------------------------------------------
MSH (Real Geometry) format constructor:
	Getting brick sets...OK (0.006 s)
	Min x-stack xeps = 4.15252e-05
	D / dh / eps [axis=0] = (0.0942338, 0.000210343, 2.10343e-07)
	D / dh / eps [axis=1] = (0.06835, 0.000213594, 2.13594e-07)
	D / dh / eps [axis=2] = (0.0005, 1.5625e-05, 1.5625e-08)
	Time (xeps): 0.002 s
Level 5
	Set (0)  size: 70528
	Set (0)  time: 0.092 s
	Set (1)  size: 70528
	Set (1)  time: 0.096 s
Level 4
	Set (0)  size: 25616
	Set (0)  time: 0.011 s
	Set (1)  size: 25616
	Set (1)  time: 0.011 s
Level 3
	Set (0)  size: 1520
	Set (0)  time: 0.001 s
	Set (1)  size: 1520
	Set (1)  time: 0.001 s
Level 2
	Set (0)  size: 376
	Set (0)  time: 0.000 s
	Set (1)  size: 376
	Set (1)  time: 0.000 s
Level 1
	Set (0)  size: 86
	Set (0)  time: 0.000 s
	Set (1)  size: 86
	Set (1)  time: 0.000 s
Level 0
	Set (0)  size: 42
	Set (0)  time: 0.000 s
	Set (1)  size: 42
	Set (1)  time: 0.000 s
Result:
	Bricks number:                        196336

	Memory usage:                         7.912 MB
	Memory usage (per brick):             0.041 KB
	Construction time:                    0.224 s

	Topology features:
	------------------
	- High quality bricks                 100.00 % (196336)
	- Medium quality bricks                 0.00 % (0)
	- Bad quality bricks                    0.00 % (0)
	- Ribs corrected bricks                 0.00 % (0)
	- Points with geom-info (bricks)        0.00 % (0)
	- Points with closest-info (bricks)     0.00 % (0)
	- Triangulated by center (bricks)       0.00 % (0)
	- Facet w-faces mergings (bricks)       0.00 % (0)
	- To refine (bricks)                    0.00 % (0)

-----------------------------------------------------------------------
Memory Working Set Current = 98.98 Mb, Memory Working Set Peak = 128.61 Mb
Process Threads Number: 13
-----------------------------------------------------------------------
-----------------------------------------------------------------------
-----------------------------------------------------------------------
MSH --> BCF format (Iteration 0)...
BCF collector...(remove mode=0)
	Time (alloc counter per brick): 0.008 s
	Brick    count: 196336
	Av.f all count: 181996
	Av.s all count: 28224
	Av.f pid count: 13820
	Av.s pid count: 13884
	Faces fs count: 14018
	Faces ff count: 0
	Faces ss count: 0
	Faces bb count: 0
	Faces fe count: 15094
	Faces se count: 3104
	Faces fw count: 32216
	Faces af count: 534489
	Faces as count: 82915
	Time (all count): 	0.023 s
	Time (bcf alloc): 	0.003 s
	Time (shifts alloc): 	0.016 s
	Time (shifts init): 	0.016 s
	Time (bcf fill): 	0.047 s
	Time (add av to faces): 0.002 s
	Time (add faces to av): 0.035 s
Time (bcf collect): 		0.155 s
	AV checker...
	Time (check av): 	0.077 s
	Subdomain checker...
		Subdomains construction time: 0.032 s.
		Subdomains sort time: 0.000 s.
			Subdomain 0 (geom_ind=0): 181996 av
			Subdomain 1 (geom_ind=1): 28224 av
		gi: 0, subdomains: 1, real bodies: 1
		gi: 1, subdomains: 1, real bodies: 0
		Defect subdomains: 0
	Time (check subdoms): 	0.035 s
Time (bcf iteration total): 	0.270 s
	Time (fw-nb): 		0.004 s
	Fixed mutual fw-nb:     140 (bb: 0)
	Time (fw-nb mutual): 	0.006 s
	Time (fw-nb sort): 	0.002 s
	Time (fw-nb): 		0.017 s
	Fixed mutual fw-nb:     49574 (bb: 0)
	Time (fw-nb mutual): 	0.008 s
	Time (fw-nb sort): 	0.002 s
	Time (rfd fix): 	0.000 s
	Time (av convexity): 	0.009 s
	Time (av small volume): 0.003 s
	Fluid subdomains: 1
	Faces fw-nb diff sd:    0
	Time (fw-nb diff sd): 	0.030 s
Time (bcf calc): 		0.110 s
-----------------------------------------------------------------------
Time (bcf total): 		0.381 s
-----------------------------------------------------------------------
-----------------------------------------------------------------------
Mega-cv constructor for fluid...
2D generator ...OK
Convert clusters:
	 7487 mega-cv's total
	 64 av's is treated as thin
Relative size generator (threshold = 0.05)...
	Iteration 1 (small cluster count = 1)
	Iteration 2 (small cluster count = 0)
	 7487 mega-cv's generated
	 1 mega-cv's removed
Relative size generator is completed OK (0.010 s)
Apply fa-rules to mega-cv clusters fixes...
OK (0.034 s)
Convert clusters:
	 7486 mega-cv's total
Mega-cv count: 7486
Time (mega-cv fill): 	1.058 s
Time (mega-cv total): 	1.459 s
-----------------------------------------------------------------------
Mixing plane rotation regions: NO.
Sliding mesh rotation regions: NO.
Fluid/fluid faces: NO.
----------------------------------------------------------
BCF --> BCF.GEOMSUBDOM (bridge arrays):
MESH (0):
	Fluid Subdom Constructor: 1 subdom(s).
	Solid Subdom Constructor: 1 subdom(s).
	Net Asm Subdom Constructor: 0 subdom(s).
	GEOMSUBDOM (0): gi=0 fluid av=181996 cv=7546 fa=534489 fb=0 fw=29112 V=2.080262e-06
	Cache data...OK
	GEOMSUBDOM (1): gi=1 solid av=28224 cv=28224 fa=82915 fb=0 fw=17122 V=1.140178e-06
	Cache data...OK
	Setting nb of w-faces...OK (0.004 s).
	Correcting nb of w-faces...
	Time(correct_fw_nb)=0.003 s

MESH (0) checking:
	GEOMSUBDOM (0):fa_s=0.0192299684707953 fb_s=0.0000000000000000 fw_s=0.0084824634544168 fw_nb=88116
	              :d_const(1271)=7.10958e-16 d_linear(542)=3.89848e-13
	GEOMSUBDOM (1):fa_s=0.0037774573683954 fb_s=0.0000000000000000 fw_s=0.0048847139925047 fw_nb=39136
	              :d_const(195)=1.11617e-16 d_linear(14002)=6.5636e-13
MESH (0) checking: OK.
Time (MDS): 	0.253 s
----------------------------------------------------------

-----------------------------------------------------------------------
BCF CHECKSUM DATA (Mesh 0):

BRICK |Level1| Sum:               849146
FACE_A Area Sum:   G.Fluid        0.0192299684707951
FACE_A Area Sum:   G.Solid        0.0037774573683954
FACE_W Area Sum:                  0.0132057600272637
FACE_W Nb   Sum:                  99148
FACE_W min curvatures sum:        -43101.17637756
FACE_W max curvatures sum:        304136.73304081
AV Max Disbalance(Const) :        1.11617e-16 (cid=500, t={4, 136, 0}, avid=182205, pid=51)
AV Max Disbalance(Linear):        6.9363e-13 (cid=23027, t={41, 150, 23}, avid=20751, pid=2804)
-----------------------------------------------------------------------


-----------------------------------------------------------------------
MESHER TOPOLOGY DATA:

BRICKS: Total                 196336
BRICKS: 1-CV                  182516
BRICKS: 2-CV                  13756
BRICKS: 3-CV                  64
BRICKS: Bad                   0

AV:     G.Total               210220
AV:     G.Fluid               181996
AV:     G.Solid               28224

AV:     G.Fluid Thin Profile    0.04 % (64)
AV:     G.Solid Thin Profile    0.00 % (0)

AV:     G.Fluid Thin For Mega   0.04 % (64)
AV:     G.Solid Thin For Mega   0.00 % (0)

AV:     G.Fluid Non-Convex      0.04 % (64)
AV:     G.Solid Non-Convex      0.25 % (70)

AV:     G.Fluid Non-Ess-Convex      0.04 % (64)
AV:     G.Solid Non-Ess-Convex      0.25 % (70)

FACE_A: G.Fluid          (af) 534489 (partially opened 27198)
FACE_A: G.Solid          (as) 82915 (partially opened 27324)

FACE_B: G.Total          (b)  0

FACE_W: G.Total                 32216       Brick/Bound
FACE_W: G.Fluid/Solid    (fs_g) 14018       0           
FACE_W: G.Fluid/Fluid    (ff_g) 0           0           
FACE_W: G.Solid/Solid    (ss_g) 0           0           
FACE_W: G.Fluid/External (fe_g) 15094
FACE_W: G.Solid/External (se_g) 3104

AV/CV max fa count (on brick side):64
AV/CV max fw count:                64
AV/CV max fb count:                0
AV/CV max fw poly count:           68

MEMORY: Total                   62.050 MB
MEMORY: Per Brick               0.324 KB
-----------------------------------------------------------------------

-----------------------------------------------------------------------
Connectivities information:
	Number of conns: 0
-----------------------------------------------------------------------
	Time (gap size): 	0.053 s
-----------------------------------------------------------------------
Calculating curvature and tolerance criteria...
Curvature: min=0 max=2.25398
Tolerance: min=0 max=0.00169067
Calculating curvature and tolerance criteria takes 0.043 s
-----------------------------------------------------------------------
MESH Build(FS) finished. Time=3.564 s
-----------------------------------------------------------------------
Current CPU = 4 sec

Nx=14
Ny=10
Nz=1
Max BRICK Level=5
Mesh Level=5
-----------------CModelBodies2MeshMapper::CollectData started -------------------------------
-----------------CModelBodies2MeshMapper Report -------------------------------
FluidDomains 1 SolidDomains 1 VoidDomains 0 
Domains RefIndexes
Domain 0, Index count 8
Domain 1, Index count 8
----------------- -------------------------------
	ModelBodies
Total resolved Bodies 0 BodySets 0

--------------------------------------------------------------------------
	Positive geometry Bodies
Total resolved Bodies 1 BodySets 1
BodySet 0
	Bodies list:
			#0	Name: ;	ID: 3a0af75c-e339-4b59-8489-90346ba9d17d
	Domains list:		 0 

--------------------------------------------------------------------------
	Fluid regions
Total resolved Bodies 1 BodySets 1
BodySet 0	Material: Air; 
	Bodies list:
			#0	Name: ;	ID: 3a0af75c-e339-4b59-8489-90346ba9d17d
	Domains list:		 0 

--------------------------------------------------------------------------
-----------------CModelBodies2MeshMapper::CollectData finished successfully-------------------
Saving initial mesh in: C:\Users\Josh\Documents\Engineering\MAE 4157\CFD 2\3\3.fld .
Storing results...
Estimated CPT size=24.382 MB.
	Time (write bcf): 0.660 s
OK
-----------------------------------------------------------------------
Memory Working Set Current = 230.29 Mb, Memory Working Set Peak = 231.43 Mb
Process Threads Number: 13
-----------------------------------------------------------------------
Cleaning memory...
		Time (free xsl):                    	0.003 s
Free Geometry DB takes 0.000 s
	Time (free bcf): 	0.037 s
		Time (free bcf mesh):               	0.087 s
	Time (free mesher data):              	0.090 s
Copying... OK
Mesh generation normally finished at	8.12.2020	18:38:33
Mesher CPU = 5 sec
Mesher is finished at	8.12.2020	18:38:33
-----------------------------------------------------------------------
Memory Working Set Current = 53.80 Mb, Memory Working Set Peak = 231.43 Mb
Process Threads Number: 13
-----------------------------------------------------------------------
Algebra Pool      : mem_usage = 5.06 Mb, allocated count = 0
Log ended at 08.12.2020	18:38:33
